#
# There is insufficient memory for the Java Runtime Environment to continue.
# Native memory allocation (malloc) failed to allocate 90128 bytes for Chunk::new
# Possible reasons:
#   The system is out of physical RAM or swap space
#   The process is running with CompressedOops enabled, and the Java Heap may be blocking the growth of the native heap
# Possible solutions:
#   Reduce memory load on the system
#   Increase physical memory or swap space
#   Check if swap backing store is full
#   Decrease Java heap size (-Xmx/-Xms)
#   Decrease number of Java threads
#   Decrease Java thread stack sizes (-Xss)
#   Set larger code cache with -XX:ReservedCodeCacheSize=
#   JVM is running with Unscaled Compressed Oops mode in which the Java heap is
#     placed in the first 4GB address space. The Java Heap base address is the
#     maximum limit for the native heap growth. Please use -XX:HeapBaseMinAddress
#     to set the Java Heap base and to place the Java Heap above 4GB virtual address.
# This output file may be truncated or incomplete.
#
#  Out of Memory Error (arena.cpp:189), pid=24192, tid=22828
#
# JRE version: Java(TM) SE Runtime Environment (17.0.13+10) (build 17.0.13+10-LTS-268)
# Java VM: Java HotSpot(TM) 64-Bit Server VM (17.0.13+10-LTS-268, mixed mode, sharing, tiered, compressed oops, compressed class ptrs, g1 gc, windows-amd64)
# No core dump will be written. Minidumps are not enabled by default on client versions of Windows
#

---------------  S U M M A R Y ------------

Command Line: -ea -Dfile.encoding=UTF-8 -Dstdout.encoding=UTF-8 -Dstderr.encoding=UTF-8 -XX:+ShowCodeDetailsInExceptionMessages org.testng.remote.RemoteTestNG -serport 54409 -protocol json -d C:\Users\ADMIN\eclipse-workspace\Linked_IN\test-output C:\Users\ADMIN\AppData\Local\Temp\testng-eclipse--1719306706\testng-customsuite.xml

Host: Intel(R) Core(TM) i3-7020U CPU @ 2.30GHz, 4 cores, 7G,  Windows 10 , 64 bit Build 19041 (10.0.19041.5438)
Time: Tue Apr 15 22:56:59 2025 India Standard Time elapsed time: 29.867045 seconds (0d 0h 0m 29s)

---------------  T H R E A D  ---------------

Current thread (0x000002293c97e2f0):  JavaThread "C2 CompilerThread0" daemon [_thread_in_native, id=22828, stack(0x000000c4c7c00000,0x000000c4c7d00000)]


Current CompileTask:
C2:  29867 2629       4       java.util.HashMap::putVal (300 bytes)

Stack: [0x000000c4c7c00000,0x000000c4c7d00000]
Native frames: (J=compiled Java code, j=interpreted, Vv=VM code, C=native code)
V  [jvm.dll+0x67a23a]
V  [jvm.dll+0x7da96d]
V  [jvm.dll+0x7dc2b3]
V  [jvm.dll+0x7dc923]
V  [jvm.dll+0x2450ef]
V  [jvm.dll+0xab793]
V  [jvm.dll+0xabd5c]
V  [jvm.dll+0x361d5e]
V  [jvm.dll+0x1ba2ba]
V  [jvm.dll+0x2169f7]
V  [jvm.dll+0x215ccf]
V  [jvm.dll+0x1a2980]
V  [jvm.dll+0x22616b]
V  [jvm.dll+0x22430b]
V  [jvm.dll+0x790a8c]
V  [jvm.dll+0x78af1a]
V  [jvm.dll+0x679125]
C  [ucrtbase.dll+0x21bb2]
C  [KERNEL32.DLL+0x17374]
C  [ntdll.dll+0x4cc91]


---------------  P R O C E S S  ---------------

Threads class SMR info:
_java_thread_list=0x000002297e3ae910, length=19, elements={
0x000002291f138f60, 0x000002293c968760, 0x000002293c96a190, 0x000002293c97bc80,
0x000002293c97c550, 0x000002293c97ce20, 0x000002293c97d6f0, 0x000002293c97e2f0,
0x000002293c9e9ae0, 0x000002293c9eebc0, 0x000002293cbb4140, 0x000002293cbce300,
0x000002297e52abf0, 0x000002297e52a1d0, 0x000002297e5292a0, 0x000002297e5297b0,
0x000002297e528370, 0x000002297e529cc0, 0x000002297e52b100
}

Java Threads: ( => current thread )
  0x000002291f138f60 JavaThread "main" [_thread_blocked, id=17448, stack(0x000000c4c6f00000,0x000000c4c7000000)]
  0x000002293c968760 JavaThread "Reference Handler" daemon [_thread_blocked, id=18200, stack(0x000000c4c7600000,0x000000c4c7700000)]
  0x000002293c96a190 JavaThread "Finalizer" daemon [_thread_blocked, id=29564, stack(0x000000c4c7700000,0x000000c4c7800000)]
  0x000002293c97bc80 JavaThread "Signal Dispatcher" daemon [_thread_blocked, id=17516, stack(0x000000c4c7800000,0x000000c4c7900000)]
  0x000002293c97c550 JavaThread "Attach Listener" daemon [_thread_blocked, id=37612, stack(0x000000c4c7900000,0x000000c4c7a00000)]
  0x000002293c97ce20 JavaThread "Service Thread" daemon [_thread_blocked, id=904, stack(0x000000c4c7a00000,0x000000c4c7b00000)]
  0x000002293c97d6f0 JavaThread "Monitor Deflation Thread" daemon [_thread_blocked, id=36172, stack(0x000000c4c7b00000,0x000000c4c7c00000)]
=>0x000002293c97e2f0 JavaThread "C2 CompilerThread0" daemon [_thread_in_native, id=22828, stack(0x000000c4c7c00000,0x000000c4c7d00000)]
  0x000002293c9e9ae0 JavaThread "C1 CompilerThread0" daemon [_thread_blocked, id=108, stack(0x000000c4c7d00000,0x000000c4c7e00000)]
  0x000002293c9eebc0 JavaThread "Sweeper thread" daemon [_thread_blocked, id=24796, stack(0x000000c4c7e00000,0x000000c4c7f00000)]
  0x000002293cbb4140 JavaThread "Notification Thread" daemon [_thread_blocked, id=6616, stack(0x000000c4c7f00000,0x000000c4c8000000)]
  0x000002293cbce300 JavaThread "Common-Cleaner" daemon [_thread_blocked, id=37020, stack(0x000000c4c8100000,0x000000c4c8200000)]
  0x000002297e52abf0 JavaThread "ReaderThread" [_thread_in_native, id=15600, stack(0x000000c4c8400000,0x000000c4c8500000)]
  0x000002297e52a1d0 JavaThread "Exec Default Executor" daemon [_thread_in_native, id=32236, stack(0x000000c4c8800000,0x000000c4c8900000)]
  0x000002297e5292a0 JavaThread "UrlChecker-2" daemon [_thread_blocked, id=7716, stack(0x000000c4c8a00000,0x000000c4c8b00000)]
  0x000002297e5297b0 JavaThread "Exec Stream Pumper" daemon [_thread_in_native, id=15416, stack(0x000000c4c8b00000,0x000000c4c8c00000)]
  0x000002297e528370 JavaThread "Exec Stream Pumper" daemon [_thread_in_native, id=32292, stack(0x000000c4c8c00000,0x000000c4c8d00000)]
  0x000002297e529cc0 JavaThread "OkHttp ConnectionPool" daemon [_thread_blocked, id=28744, stack(0x000000c4c8e00000,0x000000c4c8f00000)]
  0x000002297e52b100 JavaThread "Okio Watchdog" daemon [_thread_blocked, id=6672, stack(0x000000c4c8f00000,0x000000c4c9000000)]

Other Threads:
  0x000002293c9627e0 VMThread "VM Thread" [stack: 0x000000c4c7500000,0x000000c4c7600000] [id=26724]
  0x000002293cbb6630 WatcherThread [stack: 0x000000c4c8000000,0x000000c4c8100000] [id=29516]
  0x000002291f1923f0 GCTaskThread "GC Thread#0" [stack: 0x000000c4c7000000,0x000000c4c7100000] [id=33712]
  0x000002297e5c21c0 GCTaskThread "GC Thread#1" [stack: 0x000000c4c8200000,0x000000c4c8300000] [id=11664]
  0x000002297e5c2480 GCTaskThread "GC Thread#2" [stack: 0x000000c4c8500000,0x000000c4c8600000] [id=34808]
  0x000002297e5c2740 GCTaskThread "GC Thread#3" [stack: 0x000000c4c8600000,0x000000c4c8700000] [id=11100]
  0x000002291f1a2e50 ConcurrentGCThread "G1 Main Marker" [stack: 0x000000c4c7100000,0x000000c4c7200000] [id=17880]
  0x000002291f1a4780 ConcurrentGCThread "G1 Conc#0" [stack: 0x000000c4c7200000,0x000000c4c7300000] [id=5212]
  0x000002291f1fc830 ConcurrentGCThread "G1 Refine#0" [stack: 0x000000c4c7300000,0x000000c4c7400000] [id=28980]
  0x000002297e5c2a00 ConcurrentGCThread "G1 Refine#1" [stack: 0x000000c4c8700000,0x000000c4c8800000] [id=7060]
  0x000002297f531420 ConcurrentGCThread "G1 Refine#2" [stack: 0x000000c4c8900000,0x000000c4c8a00000] [id=39512]
  0x000002291f1fd170 ConcurrentGCThread "G1 Service" [stack: 0x000000c4c7400000,0x000000c4c7500000] [id=1808]

Threads with active compile tasks:
C2 CompilerThread0    29893 2629       4       java.util.HashMap::putVal (300 bytes)

VM state: not at safepoint (normal execution)

VM Mutex/Monitor currently owned by a thread: None

Heap address: 0x0000000082000000, size: 2016 MB, Compressed Oops mode: 32-bit

CDS archive(s) mapped at: [0x000002293d000000-0x000002293dbd0000-0x000002293dbd0000), size 12386304, SharedBaseAddress: 0x000002293d000000, ArchiveRelocationMode: 1.
Compressed class space mapped at: 0x000002293e000000-0x000002297e000000, reserved size: 1073741824
Narrow klass base: 0x000002293d000000, Narrow klass shift: 0, Narrow klass range: 0x100000000

GC Precious Log:
 CPUs: 4 total, 4 available
 Memory: 8060M
 Large Page Support: Disabled
 NUMA Support: Disabled
 Compressed Oops: Enabled (32-bit)
 Heap Region Size: 1M
 Heap Min Capacity: 8M
 Heap Initial Capacity: 126M
 Heap Max Capacity: 2016M
 Pre-touch: Disabled
 Parallel Workers: 4
 Concurrent Workers: 1
 Concurrent Refinement Workers: 4
 Periodic GC: Disabled

Heap:
 garbage-first heap   total 61440K, used 17832K [0x0000000082000000, 0x0000000100000000)
  region size 1024K, 4 young (4096K), 2 survivors (2048K)
 Metaspace       used 21244K, committed 21568K, reserved 1114112K
  class space    used 2606K, committed 2752K, reserved 1048576K

Heap Regions: E=young(eden), S=young(survivor), O=old, HS=humongous(starts), HC=humongous(continues), CS=collection set, F=free, OA=open archive, CA=closed archive, TAMS=top-at-mark-start (previous, next)
|   0|0x0000000082000000, 0x0000000082100000, 0x0000000082100000|100%|HS|  |TAMS 0x0000000082100000, 0x0000000082000000| Complete 
|   1|0x0000000082100000, 0x0000000082200000, 0x0000000082200000|100%|HS|  |TAMS 0x0000000082200000, 0x0000000082100000| Complete 
|   2|0x0000000082200000, 0x0000000082300000, 0x0000000082300000|100%| O|  |TAMS 0x0000000082300000, 0x0000000082200000| Untracked 
|   3|0x0000000082300000, 0x0000000082400000, 0x0000000082400000|100%| O|  |TAMS 0x0000000082400000, 0x0000000082300000| Untracked 
|   4|0x0000000082400000, 0x0000000082500000, 0x0000000082500000|100%| O|  |TAMS 0x0000000082500000, 0x0000000082400000| Untracked 
|   5|0x0000000082500000, 0x0000000082600000, 0x0000000082600000|100%| O|  |TAMS 0x0000000082600000, 0x0000000082500000| Untracked 
|   6|0x0000000082600000, 0x0000000082700000, 0x0000000082700000|100%| O|  |TAMS 0x0000000082700000, 0x0000000082600000| Untracked 
|   7|0x0000000082700000, 0x0000000082800000, 0x0000000082800000|100%| O|  |TAMS 0x0000000082800000, 0x0000000082700000| Untracked 
|   8|0x0000000082800000, 0x0000000082900000, 0x0000000082900000|100%| O|  |TAMS 0x0000000082900000, 0x0000000082800000| Untracked 
|   9|0x0000000082900000, 0x0000000082a00000, 0x0000000082a00000|100%| O|  |TAMS 0x0000000082a00000, 0x0000000082900000| Untracked 
|  10|0x0000000082a00000, 0x0000000082b00000, 0x0000000082b00000|100%| O|  |TAMS 0x0000000082a65600, 0x0000000082a00000| Untracked 
|  11|0x0000000082b00000, 0x0000000082c00000, 0x0000000082c00000|100%| O|  |TAMS 0x0000000082b00000, 0x0000000082b00000| Untracked 
|  12|0x0000000082c00000, 0x0000000082d00000, 0x0000000082d00000|100%| O|  |TAMS 0x0000000082c00000, 0x0000000082c00000| Untracked 
|  13|0x0000000082d00000, 0x0000000082e00000, 0x0000000082e00000|100%| O|  |TAMS 0x0000000082d00000, 0x0000000082d00000| Untracked 
|  14|0x0000000082e00000, 0x0000000082e81c00, 0x0000000082f00000| 50%| O|  |TAMS 0x0000000082e00000, 0x0000000082e00000| Complete 
|  15|0x0000000082f00000, 0x0000000082f00000, 0x0000000083000000|  0%| F|  |TAMS 0x0000000082f00000, 0x0000000082f00000| Untracked 
|  16|0x0000000083000000, 0x0000000083000000, 0x0000000083100000|  0%| F|  |TAMS 0x0000000083000000, 0x0000000083000000| Untracked 
|  17|0x0000000083100000, 0x0000000083100000, 0x0000000083200000|  0%| F|  |TAMS 0x0000000083100000, 0x0000000083100000| Untracked 
|  18|0x0000000083200000, 0x0000000083200000, 0x0000000083300000|  0%| F|  |TAMS 0x0000000083200000, 0x0000000083200000| Untracked 
|  19|0x0000000083300000, 0x0000000083300000, 0x0000000083400000|  0%| F|  |TAMS 0x0000000083300000, 0x0000000083300000| Untracked 
|  20|0x0000000083400000, 0x0000000083400000, 0x0000000083500000|  0%| F|  |TAMS 0x0000000083400000, 0x0000000083400000| Untracked 
|  21|0x0000000083500000, 0x0000000083500000, 0x0000000083600000|  0%| F|  |TAMS 0x0000000083500000, 0x0000000083500000| Untracked 
|  22|0x0000000083600000, 0x0000000083600000, 0x0000000083700000|  0%| F|  |TAMS 0x0000000083600000, 0x0000000083600000| Untracked 
|  23|0x0000000083700000, 0x0000000083700000, 0x0000000083800000|  0%| F|  |TAMS 0x0000000083700000, 0x0000000083700000| Untracked 
|  24|0x0000000083800000, 0x0000000083800000, 0x0000000083900000|  0%| F|  |TAMS 0x0000000083800000, 0x0000000083800000| Untracked 
|  25|0x0000000083900000, 0x0000000083900000, 0x0000000083a00000|  0%| F|  |TAMS 0x0000000083900000, 0x0000000083900000| Untracked 
|  26|0x0000000083a00000, 0x0000000083a00000, 0x0000000083b00000|  0%| F|  |TAMS 0x0000000083a00000, 0x0000000083a00000| Untracked 
|  27|0x0000000083b00000, 0x0000000083b00000, 0x0000000083c00000|  0%| F|  |TAMS 0x0000000083b00000, 0x0000000083b00000| Untracked 
|  28|0x0000000083c00000, 0x0000000083c00000, 0x0000000083d00000|  0%| F|  |TAMS 0x0000000083c00000, 0x0000000083c00000| Untracked 
|  29|0x0000000083d00000, 0x0000000083d00000, 0x0000000083e00000|  0%| F|  |TAMS 0x0000000083d00000, 0x0000000083d00000| Untracked 
|  30|0x0000000083e00000, 0x0000000083e00000, 0x0000000083f00000|  0%| F|  |TAMS 0x0000000083e00000, 0x0000000083e00000| Untracked 
|  31|0x0000000083f00000, 0x0000000083f00000, 0x0000000084000000|  0%| F|  |TAMS 0x0000000083f00000, 0x0000000083f00000| Untracked 
|  32|0x0000000084000000, 0x0000000084000000, 0x0000000084100000|  0%| F|  |TAMS 0x0000000084000000, 0x0000000084000000| Untracked 
|  33|0x0000000084100000, 0x0000000084100000, 0x0000000084200000|  0%| F|  |TAMS 0x0000000084100000, 0x0000000084100000| Untracked 
|  34|0x0000000084200000, 0x0000000084200000, 0x0000000084300000|  0%| F|  |TAMS 0x0000000084200000, 0x0000000084200000| Untracked 
|  35|0x0000000084300000, 0x0000000084300000, 0x0000000084400000|  0%| F|  |TAMS 0x0000000084300000, 0x0000000084300000| Untracked 
|  36|0x0000000084400000, 0x0000000084400000, 0x0000000084500000|  0%| F|  |TAMS 0x0000000084400000, 0x0000000084400000| Untracked 
|  37|0x0000000084500000, 0x0000000084500000, 0x0000000084600000|  0%| F|  |TAMS 0x0000000084500000, 0x0000000084500000| Untracked 
|  38|0x0000000084600000, 0x0000000084600000, 0x0000000084700000|  0%| F|  |TAMS 0x0000000084600000, 0x0000000084600000| Untracked 
|  39|0x0000000084700000, 0x0000000084700000, 0x0000000084800000|  0%| F|  |TAMS 0x0000000084700000, 0x0000000084700000| Untracked 
|  40|0x0000000084800000, 0x0000000084800000, 0x0000000084900000|  0%| F|  |TAMS 0x0000000084800000, 0x0000000084800000| Untracked 
|  41|0x0000000084900000, 0x0000000084900000, 0x0000000084a00000|  0%| F|  |TAMS 0x0000000084900000, 0x0000000084900000| Untracked 
|  42|0x0000000084a00000, 0x0000000084a00000, 0x0000000084b00000|  0%| F|  |TAMS 0x0000000084a00000, 0x0000000084a00000| Untracked 
|  43|0x0000000084b00000, 0x0000000084b00000, 0x0000000084c00000|  0%| F|  |TAMS 0x0000000084b00000, 0x0000000084b00000| Untracked 
|  44|0x0000000084c00000, 0x0000000084c00000, 0x0000000084d00000|  0%| F|  |TAMS 0x0000000084c00000, 0x0000000084c00000| Untracked 
|  45|0x0000000084d00000, 0x0000000084d00000, 0x0000000084e00000|  0%| F|  |TAMS 0x0000000084d00000, 0x0000000084d00000| Untracked 
|  46|0x0000000084e00000, 0x0000000084e00000, 0x0000000084f00000|  0%| F|  |TAMS 0x0000000084e00000, 0x0000000084e00000| Untracked 
|  47|0x0000000084f00000, 0x0000000084f00000, 0x0000000085000000|  0%| F|  |TAMS 0x0000000084f00000, 0x0000000084f00000| Untracked 
|  48|0x0000000085000000, 0x0000000085000000, 0x0000000085100000|  0%| F|  |TAMS 0x0000000085000000, 0x0000000085000000| Untracked 
|  49|0x0000000085100000, 0x0000000085100000, 0x0000000085200000|  0%| F|  |TAMS 0x0000000085100000, 0x0000000085100000| Untracked 
|  50|0x0000000085200000, 0x0000000085200000, 0x0000000085300000|  0%| F|  |TAMS 0x0000000085200000, 0x0000000085200000| Untracked 
|  51|0x0000000085300000, 0x0000000085300000, 0x0000000085400000|  0%| F|  |TAMS 0x0000000085300000, 0x0000000085300000| Untracked 
|  52|0x0000000085400000, 0x0000000085400000, 0x0000000085500000|  0%| F|  |TAMS 0x0000000085400000, 0x0000000085400000| Untracked 
|  53|0x0000000085500000, 0x0000000085500000, 0x0000000085600000|  0%| F|  |TAMS 0x0000000085500000, 0x0000000085500000| Untracked 
|  54|0x0000000085600000, 0x0000000085600000, 0x0000000085700000|  0%| F|  |TAMS 0x0000000085600000, 0x0000000085600000| Untracked 
|  55|0x0000000085700000, 0x0000000085700000, 0x0000000085800000|  0%| F|  |TAMS 0x0000000085700000, 0x0000000085700000| Untracked 
|  56|0x0000000085800000, 0x00000000858eda10, 0x0000000085900000| 92%| E|  |TAMS 0x0000000085800000, 0x0000000085800000| Complete 
| 102|0x0000000088600000, 0x00000000886e8708, 0x0000000088700000| 90%| S|CS|TAMS 0x0000000088600000, 0x0000000088600000| Complete 
| 103|0x0000000088700000, 0x0000000088800000, 0x0000000088800000|100%| S|CS|TAMS 0x0000000088700000, 0x0000000088700000| Complete 
| 125|0x0000000089d00000, 0x0000000089e00000, 0x0000000089e00000|100%| E|CS|TAMS 0x0000000089d00000, 0x0000000089d00000| Complete 

Card table byte_map: [0x0000022935df0000,0x00000229361e0000] _byte_map_base: 0x00000229359e0000

Marking Bits (Prev, Next): (CMBitMap*) 0x000002291f192960, (CMBitMap*) 0x000002291f192920
 Prev Bits: [0x0000022938550000, 0x000002293a4d0000)
 Next Bits: [0x00000229365d0000, 0x0000022938550000)

Polling page: 0x000002291d0c0000

Metaspace:

Usage:
  Non-class:     18.20 MB used.
      Class:      2.55 MB used.
       Both:     20.75 MB used.

Virtual space:
  Non-class space:       64.00 MB reserved,      18.38 MB ( 29%) committed,  1 nodes.
      Class space:        1.00 GB reserved,       2.69 MB ( <1%) committed,  1 nodes.
             Both:        1.06 GB reserved,      21.06 MB (  2%) committed. 

Chunk freelists:
   Non-Class:  12.72 MB
       Class:  13.19 MB
        Both:  25.91 MB

MaxMetaspaceSize: unlimited
CompressedClassSpaceSize: 1.00 GB
Initial GC threshold: 21.00 MB
Current GC threshold: 35.12 MB
CDS: on
MetaspaceReclaimPolicy: balanced
 - commit_granule_bytes: 65536.
 - commit_granule_words: 8192.
 - virtual_space_node_default_size: 8388608.
 - enlarge_chunks_in_place: 1.
 - new_chunks_are_fully_committed: 0.
 - uncommit_free_chunks: 1.
 - use_allocation_guard: 0.
 - handle_deallocations: 1.


Internal statistics:

num_allocs_failed_limit: 3.
num_arena_births: 298.
num_arena_deaths: 0.
num_vsnodes_births: 2.
num_vsnodes_deaths: 0.
num_space_committed: 337.
num_space_uncommitted: 0.
num_chunks_returned_to_freelist: 3.
num_chunks_taken_from_freelist: 815.
num_chunk_merges: 3.
num_chunk_splits: 529.
num_chunks_enlarged: 377.
num_inconsistent_stats: 0.

CodeHeap 'non-profiled nmethods': size=120000Kb used=1228Kb max_used=1228Kb free=118771Kb
 bounds [0x000002292e4d0000, 0x000002292e740000, 0x0000022935a00000]
CodeHeap 'profiled nmethods': size=120000Kb used=5250Kb max_used=5250Kb free=114749Kb
 bounds [0x0000022926a00000, 0x0000022926f30000, 0x000002292df30000]
CodeHeap 'non-nmethods': size=5760Kb used=1271Kb max_used=1345Kb free=4488Kb
 bounds [0x000002292df30000, 0x000002292e1a0000, 0x000002292e4d0000]
 total_blobs=3207 nmethods=2627 adapters=492
 compilation: enabled
              stopped_count=0, restarted_count=0
 full_count=0

Compilation events (20 events):
Event: 24.710 Thread 0x000002293c9e9ae0 nmethod 2618 0x0000022926f1c990 code [0x0000022926f1cb40, 0x0000022926f1cd58]
Event: 24.729 Thread 0x000002293c9e9ae0 2619       3       java.lang.StringBuilder::append (8 bytes)
Event: 24.730 Thread 0x000002293c9e9ae0 nmethod 2619 0x0000022926f1ce10 code [0x0000022926f1cfa0, 0x0000022926f1d0e8]
Event: 24.730 Thread 0x000002293c9e9ae0 2620       3       java.lang.AbstractStringBuilder::append (54 bytes)
Event: 24.730 Thread 0x000002293c9e9ae0 nmethod 2620 0x0000022926f1d190 code [0x0000022926f1d3c0, 0x0000022926f1dd28]
Event: 24.732 Thread 0x000002293c9e9ae0 2622       3       java.lang.Long::stringSize (55 bytes)
Event: 24.732 Thread 0x000002293c9e9ae0 nmethod 2622 0x0000022926f1de90 code [0x0000022926f1e040, 0x0000022926f1e2d8]
Event: 24.732 Thread 0x000002293c9e9ae0 2623       3       java.lang.Long::getChars (208 bytes)
Event: 24.733 Thread 0x000002293c9e9ae0 nmethod 2623 0x0000022926f1e390 code [0x0000022926f1e580, 0x0000022926f1eb98]
Event: 24.741 Thread 0x000002293c9e9ae0 2624       3       okio.RealBufferedSink::writeUtf8 (31 bytes)
Event: 24.741 Thread 0x000002293c9e9ae0 nmethod 2624 0x0000022926f1ef10 code [0x0000022926f1f100, 0x0000022926f1f508]
Event: 24.742 Thread 0x000002293c9e9ae0 2625       3       okio.Buffer::writeUtf8 (11 bytes)
Event: 24.742 Thread 0x000002293c9e9ae0 nmethod 2625 0x0000022926f1f710 code [0x0000022926f1f8c0, 0x0000022926f1fb08]
Event: 24.847 Thread 0x000002293c9e9ae0 2626       3       java.util.Formatter$FixedString::<init> (26 bytes)
Event: 24.847 Thread 0x000002293c9e9ae0 nmethod 2626 0x0000022926f1fc90 code [0x0000022926f1fe40, 0x0000022926f20078]
Event: 24.847 Thread 0x000002293c9e9ae0 2627       3       java.util.Formatter$FixedString::print (26 bytes)
Event: 24.847 Thread 0x000002293c9e9ae0 nmethod 2627 0x0000022926f20190 code [0x0000022926f20340, 0x0000022926f20528]
Event: 24.847 Thread 0x000002293c9e9ae0 2628       3       java.lang.StringBuilder::append (8 bytes)
Event: 24.848 Thread 0x000002293c9e9ae0 nmethod 2628 0x0000022926f20610 code [0x0000022926f207c0, 0x0000022926f20968]
Event: 29.855 Thread 0x000002293c97e2f0 2629       4       java.util.HashMap::putVal (300 bytes)

GC Heap History (8 events):
Event: 1.397 GC heap before
{Heap before GC invocations=0 (full 0):
 garbage-first heap   total 129024K, used 15360K [0x0000000082000000, 0x0000000100000000)
  region size 1024K, 13 young (13312K), 0 survivors (0K)
 Metaspace       used 5201K, committed 5312K, reserved 1114112K
  class space    used 569K, committed 640K, reserved 1048576K
}
Event: 1.401 GC heap after
{Heap after GC invocations=1 (full 0):
 garbage-first heap   total 129024K, used 6340K [0x0000000082000000, 0x0000000100000000)
  region size 1024K, 2 young (2048K), 2 survivors (2048K)
 Metaspace       used 5201K, committed 5312K, reserved 1114112K
  class space    used 569K, committed 640K, reserved 1048576K
}
Event: 1.961 GC heap before
{Heap before GC invocations=1 (full 0):
 garbage-first heap   total 129024K, used 16580K [0x0000000082000000, 0x0000000100000000)
  region size 1024K, 13 young (13312K), 2 survivors (2048K)
 Metaspace       used 8404K, committed 8640K, reserved 1114112K
  class space    used 985K, committed 1088K, reserved 1048576K
}
Event: 1.966 GC heap after
{Heap after GC invocations=2 (full 0):
 garbage-first heap   total 129024K, used 7164K [0x0000000082000000, 0x0000000100000000)
  region size 1024K, 1 young (1024K), 1 survivors (1024K)
 Metaspace       used 8404K, committed 8640K, reserved 1114112K
  class space    used 985K, committed 1088K, reserved 1048576K
}
Event: 3.324 GC heap before
{Heap before GC invocations=2 (full 0):
 garbage-first heap   total 129024K, used 37884K [0x0000000082000000, 0x0000000100000000)
  region size 1024K, 31 young (31744K), 1 survivors (1024K)
 Metaspace       used 13040K, committed 13376K, reserved 1114112K
  class space    used 1493K, committed 1664K, reserved 1048576K
}
Event: 3.338 GC heap after
{Heap after GC invocations=3 (full 0):
 garbage-first heap   total 129024K, used 14741K [0x0000000082000000, 0x0000000100000000)
  region size 1024K, 4 young (4096K), 4 survivors (4096K)
 Metaspace       used 13040K, committed 13376K, reserved 1114112K
  class space    used 1493K, committed 1664K, reserved 1048576K
}
Event: 9.354 GC heap before
{Heap before GC invocations=3 (full 0):
 garbage-first heap   total 129024K, used 35221K [0x0000000082000000, 0x0000000100000000)
  region size 1024K, 26 young (26624K), 4 survivors (4096K)
 Metaspace       used 21192K, committed 21504K, reserved 1114112K
  class space    used 2597K, committed 2752K, reserved 1048576K
}
Event: 9.365 GC heap after
{Heap after GC invocations=4 (full 0):
 garbage-first heap   total 129024K, used 16808K [0x0000000082000000, 0x0000000100000000)
  region size 1024K, 2 young (2048K), 2 survivors (2048K)
 Metaspace       used 21192K, committed 21504K, reserved 1114112K
  class space    used 2597K, committed 2752K, reserved 1048576K
}

Deoptimization events (20 events):
Event: 7.153 Thread 0x000002291f138f60 Uncommon trap: trap_request=0xffffffde fr.pc=0x000002292e5e3c34 relative=0x00000000000006d4
Event: 7.153 Thread 0x000002291f138f60 Uncommon trap: reason=class_check action=maybe_recompile pc=0x000002292e5e3c34 method=org.openqa.selenium.json.Input.init()V @ 18 c2
Event: 7.153 Thread 0x000002291f138f60 DEOPT PACKING pc=0x000002292e5e3c34 sp=0x000000c4c6ffc2f0
Event: 7.153 Thread 0x000002291f138f60 DEOPT UNPACKING pc=0x000002292df823a3 sp=0x000000c4c6ffc2d8 mode 2
Event: 7.153 Thread 0x000002291f138f60 Uncommon trap: trap_request=0xffffffde fr.pc=0x000002292e5e3c34 relative=0x00000000000006d4
Event: 7.153 Thread 0x000002291f138f60 Uncommon trap: reason=class_check action=maybe_recompile pc=0x000002292e5e3c34 method=org.openqa.selenium.json.Input.init()V @ 18 c2
Event: 7.153 Thread 0x000002291f138f60 DEOPT PACKING pc=0x000002292e5e3c34 sp=0x000000c4c6ffc2f0
Event: 7.153 Thread 0x000002291f138f60 DEOPT UNPACKING pc=0x000002292df823a3 sp=0x000000c4c6ffc2d8 mode 2
Event: 9.317 Thread 0x000002291f138f60 Uncommon trap: trap_request=0xffffffde fr.pc=0x000002292e5e15ec relative=0x00000000000012cc
Event: 9.317 Thread 0x000002291f138f60 Uncommon trap: reason=class_check action=maybe_recompile pc=0x000002292e5e15ec method=java.util.concurrent.ConcurrentHashMap.putVal(Ljava/lang/Object;Ljava/lang/Object;Z)Ljava/lang/Object; @ 242 c2
Event: 9.317 Thread 0x000002291f138f60 DEOPT PACKING pc=0x000002292e5e15ec sp=0x000000c4c6ffdfe0
Event: 9.317 Thread 0x000002291f138f60 DEOPT UNPACKING pc=0x000002292df823a3 sp=0x000000c4c6ffdf70 mode 2
Event: 9.375 Thread 0x000002291f138f60 Uncommon trap: trap_request=0xffffffc6 fr.pc=0x000002292e55021c relative=0x00000000000009fc
Event: 9.375 Thread 0x000002291f138f60 Uncommon trap: reason=bimorphic_or_optimized_type_check action=maybe_recompile pc=0x000002292e55021c method=java.util.HashMap.putVal(ILjava/lang/Object;Ljava/lang/Object;ZZ)Ljava/lang/Object; @ 203 c2
Event: 9.375 Thread 0x000002291f138f60 DEOPT PACKING pc=0x000002292e55021c sp=0x000000c4c6ffd170
Event: 9.375 Thread 0x000002291f138f60 DEOPT UNPACKING pc=0x000002292df823a3 sp=0x000000c4c6ffd100 mode 2
Event: 29.855 Thread 0x000002291f138f60 Uncommon trap: trap_request=0xffffffc6 fr.pc=0x000002292e55021c relative=0x00000000000009fc
Event: 29.855 Thread 0x000002291f138f60 Uncommon trap: reason=bimorphic_or_optimized_type_check action=maybe_recompile pc=0x000002292e55021c method=java.util.HashMap.putVal(ILjava/lang/Object;Ljava/lang/Object;ZZ)Ljava/lang/Object; @ 203 c2
Event: 29.855 Thread 0x000002291f138f60 DEOPT PACKING pc=0x000002292e55021c sp=0x000000c4c6ffd170
Event: 29.855 Thread 0x000002291f138f60 DEOPT UNPACKING pc=0x000002292df823a3 sp=0x000000c4c6ffd100 mode 2

Classes unloaded (0 events):
No events

Classes redefined (0 events):
No events

Internal exceptions (20 events):
Event: 4.676 Thread 0x000002297e5292a0 Exception <a 'java/net/SocketException'{0x00000000894ceb48}: Socket is not connected: shutdown> (0x00000000894ceb48) 
thrown [s\open\src\hotspot\share\prims\jni.cpp, line 535]
Event: 4.706 Thread 0x000002297e5292a0 Exception <a 'java/net/ConnectException'{0x00000000894cfa90}: Connection refused: no further information> (0x00000000894cfa90) 
thrown [s\open\src\hotspot\share\prims\jni.cpp, line 535]
Event: 4.706 Thread 0x000002297e5292a0 Exception <a 'java/net/SocketException'{0x00000000894cfdc8}: Socket is not connected: shutdown> (0x00000000894cfdc8) 
thrown [s\open\src\hotspot\share\prims\jni.cpp, line 535]
Event: 4.752 Thread 0x000002297e5292a0 Exception <a 'java/net/ConnectException'{0x00000000894d0d10}: Connection refused: no further information> (0x00000000894d0d10) 
thrown [s\open\src\hotspot\share\prims\jni.cpp, line 535]
Event: 4.752 Thread 0x000002297e5292a0 Exception <a 'java/net/SocketException'{0x00000000894d1048}: Socket is not connected: shutdown> (0x00000000894d1048) 
thrown [s\open\src\hotspot\share\prims\jni.cpp, line 535]
Event: 4.844 Thread 0x000002297e5292a0 Exception <a 'java/net/ConnectException'{0x00000000894d1f90}: Connection refused: no further information> (0x00000000894d1f90) 
thrown [s\open\src\hotspot\share\prims\jni.cpp, line 535]
Event: 4.844 Thread 0x000002297e5292a0 Exception <a 'java/net/SocketException'{0x00000000894d22c8}: Socket is not connected: shutdown> (0x00000000894d22c8) 
thrown [s\open\src\hotspot\share\prims\jni.cpp, line 535]
Event: 5.023 Thread 0x000002297e5292a0 Exception <a 'java/net/ConnectException'{0x00000000894d3210}: Connection refused: no further information> (0x00000000894d3210) 
thrown [s\open\src\hotspot\share\prims\jni.cpp, line 535]
Event: 5.025 Thread 0x000002297e5292a0 Exception <a 'java/net/SocketException'{0x00000000894d3548}: Socket is not connected: shutdown> (0x00000000894d3548) 
thrown [s\open\src\hotspot\share\prims\jni.cpp, line 535]
Event: 5.378 Thread 0x000002291f138f60 Exception <a 'java/lang/NoSuchMethodError'{0x000000008930a698}: 'java.lang.Object java.lang.invoke.DirectMethodHandle$Holder.invokeInterface(java.lang.Object, java.lang.Object, java.lang.Object)'> (0x000000008930a698) 
thrown [s\open\src\hotspot\share\interpreter\linkResolver.cpp, line 759]
Event: 5.379 Thread 0x000002291f138f60 Exception <a 'java/lang/IncompatibleClassChangeError'{0x000000008930dd60}: Found class java.lang.Object, but interface was expected> (0x000000008930dd60) 
thrown [s\open\src\hotspot\share\interpreter\linkResolver.cpp, line 826]
Event: 5.380 Thread 0x000002291f138f60 Exception <a 'java/lang/NoSuchMethodError'{0x00000000893165c8}: 'int java.lang.invoke.DirectMethodHandle$Holder.invokeSpecialIFC(java.lang.Object, java.lang.Object, java.lang.Object, java.lang.Object)'> (0x00000000893165c8) 
thrown [s\open\src\hotspot\share\interpreter\linkResolver.cpp, line 759]
Event: 5.381 Thread 0x000002291f138f60 Exception <a 'java/lang/NoSuchMethodError'{0x000000008931eb50}: 'java.lang.Object java.lang.invoke.DirectMethodHandle$Holder.invokeInterface(java.lang.Object, java.lang.Object, java.lang.Object, java.lang.Object)'> (0x000000008931eb50) 
thrown [s\open\src\hotspot\share\interpreter\linkResolver.cpp, line 759]
Event: 5.416 Thread 0x000002291f138f60 Exception <a 'java/lang/NoSuchMethodError'{0x000000008920f7c0}: 'double java.lang.invoke.DirectMethodHandle$Holder.invokeVirtual(java.lang.Object, java.lang.Object)'> (0x000000008920f7c0) 
thrown [s\open\src\hotspot\share\interpreter\linkResolver.cpp, line 759]
Event: 5.417 Thread 0x000002291f138f60 Exception <a 'java/lang/NoSuchMethodError'{0x0000000089215f40}: 'float java.lang.invoke.DirectMethodHandle$Holder.invokeVirtual(java.lang.Object, java.lang.Object)'> (0x0000000089215f40) 
thrown [s\open\src\hotspot\share\interpreter\linkResolver.cpp, line 759]
Event: 5.418 Thread 0x000002291f138f60 Exception <a 'java/lang/NoSuchMethodError'{0x000000008921ef00}: 'long java.lang.invoke.DirectMethodHandle$Holder.invokeVirtual(java.lang.Object, java.lang.Object)'> (0x000000008921ef00) 
thrown [s\open\src\hotspot\share\interpreter\linkResolver.cpp, line 759]
Event: 5.423 Thread 0x000002291f138f60 Exception <a 'java/lang/NoSuchMethodError'{0x0000000089246d18}: 'void java.lang.invoke.DirectMethodHandle$Holder.invokeStatic(java.lang.Object, java.lang.Object, java.lang.Object)'> (0x0000000089246d18) 
thrown [s\open\src\hotspot\share\interpreter\linkResolver.cpp, line 759]
Event: 5.465 Thread 0x000002291f138f60 Exception <a 'java/lang/NoSuchMethodError'{0x0000000089173d00}: 'void java.lang.invoke.DirectMethodHandle$Holder.invokeSpecial(java.lang.Object, java.lang.Object, java.lang.Object, java.lang.Object, java.lang.Object)'> (0x0000000089173d00) 
thrown [s\open\src\hotspot\share\interpreter\linkResolver.cpp, line 759]
Event: 7.164 Thread 0x000002291f138f60 Exception <a 'java/lang/NoSuchMethodError'{0x0000000088a1ebd8}: 'java.lang.Object java.lang.invoke.DirectMethodHandle$Holder.invokeSpecialIFC(java.lang.Object, java.lang.Object, java.lang.Object)'> (0x0000000088a1ebd8) 
thrown [s\open\src\hotspot\share\interpreter\linkResolver.cpp, line 759]
Event: 7.187 Thread 0x000002291f138f60 Exception <a 'java/lang/ClassNotFoundException'{0x0000000088a5c9e0}: sun/util/logging/resources/spi/loggingProvider> (0x0000000088a5c9e0) 
thrown [s\open\src\hotspot\share\classfile\systemDictionary.cpp, line 256]

VM Operations (20 events):
Event: 5.362 Executing VM operation: HandshakeAllThreads
Event: 5.362 Executing VM operation: HandshakeAllThreads done
Event: 6.369 Executing VM operation: Cleanup
Event: 6.369 Executing VM operation: Cleanup done
Event: 7.383 Executing VM operation: Cleanup
Event: 7.383 Executing VM operation: Cleanup done
Event: 8.383 Executing VM operation: Cleanup
Event: 8.383 Executing VM operation: Cleanup done
Event: 9.354 Executing VM operation: CollectForMetadataAllocation
Event: 9.367 Executing VM operation: CollectForMetadataAllocation done
Event: 9.396 Executing VM operation: G1Concurrent
Event: 9.399 Executing VM operation: G1Concurrent done
Event: 9.418 Executing VM operation: G1Concurrent
Event: 9.418 Executing VM operation: G1Concurrent done
Event: 14.459 Executing VM operation: Cleanup
Event: 14.459 Executing VM operation: Cleanup done
Event: 20.487 Executing VM operation: Cleanup
Event: 20.487 Executing VM operation: Cleanup done
Event: 25.520 Executing VM operation: Cleanup
Event: 25.521 Executing VM operation: Cleanup done

Events (20 events):
Event: 7.190 loading class java/util/Formatter$DateTime done
Event: 7.190 loading class java/time/ZonedDateTime$1
Event: 7.190 loading class java/time/ZonedDateTime$1 done
Event: 9.300 loading class java/util/concurrent/TimeUnit$1
Event: 9.301 loading class java/util/concurrent/TimeUnit$1 done
Event: 9.317 loading class jdk/internal/reflect/UnsafeLongFieldAccessorImpl
Event: 9.317 loading class jdk/internal/reflect/UnsafeLongFieldAccessorImpl done
Event: 9.338 loading class java/lang/annotation/ElementType
Event: 9.338 loading class java/lang/annotation/ElementType done
Event: 9.368 loading class sun/security/ssl/Alert
Event: 9.369 loading class sun/security/ssl/Alert done
Event: 9.369 loading class sun/security/ssl/Alert$AlertConsumer
Event: 9.369 loading class sun/security/ssl/Alert$AlertConsumer done
Event: 9.369 loading class sun/security/ssl/Alert$Level
Event: 9.370 loading class sun/security/ssl/Alert$Level done
Event: 9.375 loading class java/util/AbstractList$ListItr
Event: 9.375 loading class java/util/AbstractList$ListItr done
Event: 10.366 Thread 0x000002297e527950 Thread exited: 0x000002297e527950
Event: 14.424 loading class java/net/URLEncoder
Event: 14.424 loading class java/net/URLEncoder done


Dynamic libraries:
0x00007ff7da4a0000 - 0x00007ff7da4b0000 	C:\Program Files\Java\jdk-17\bin\javaw.exe
0x00007fffbd650000 - 0x00007fffbd848000 	C:\Windows\SYSTEM32\ntdll.dll
0x00007fffbcc60000 - 0x00007fffbcd22000 	C:\Windows\System32\KERNEL32.DLL
0x00007fffbad40000 - 0x00007fffbb03f000 	C:\Windows\System32\KERNELBASE.dll
0x00007fffb7be0000 - 0x00007fffb7c74000 	C:\Windows\SYSTEM32\apphelp.dll
0x00007fffbb180000 - 0x00007fffbb280000 	C:\Windows\System32\ucrtbase.dll
0x00007fff996e0000 - 0x00007fff996f9000 	C:\Program Files\Java\jdk-17\bin\jli.dll
0x00007fffbd080000 - 0x00007fffbd12f000 	C:\Windows\System32\ADVAPI32.dll
0x00007fffbd320000 - 0x00007fffbd3be000 	C:\Windows\System32\msvcrt.dll
0x00007fffbce10000 - 0x00007fffbceaf000 	C:\Windows\System32\sechost.dll
0x00007fffbbd70000 - 0x00007fffbbe93000 	C:\Windows\System32\RPCRT4.dll
0x00007fffbb3e0000 - 0x00007fffbb407000 	C:\Windows\System32\bcrypt.dll
0x00007fffbd3c0000 - 0x00007fffbd55d000 	C:\Windows\System32\USER32.dll
0x00007fffbb410000 - 0x00007fffbb432000 	C:\Windows\System32\win32u.dll
0x00007fffbcf10000 - 0x00007fffbcf3b000 	C:\Windows\System32\GDI32.dll
0x00007fffbb550000 - 0x00007fffbb66a000 	C:\Windows\System32\gdi32full.dll
0x00007fffbb440000 - 0x00007fffbb4dd000 	C:\Windows\System32\msvcp_win.dll
0x00007fff996c0000 - 0x00007fff996db000 	C:\Program Files\Java\jdk-17\bin\VCRUNTIME140.dll
0x00007fffa9140000 - 0x00007fffa93da000 	C:\Windows\WinSxS\amd64_microsoft.windows.common-controls_6595b64144ccf1df_6.0.19041.4355_none_60b8b9eb71f62e16\COMCTL32.dll
0x00007fffb4ec0000 - 0x00007fffb4eca000 	C:\Windows\SYSTEM32\VERSION.dll
0x00007fffbc200000 - 0x00007fffbc22f000 	C:\Windows\System32\IMM32.DLL
0x00007fff99a30000 - 0x00007fff99a3c000 	C:\Program Files\Java\jdk-17\bin\vcruntime140_1.dll
0x00007fff99560000 - 0x00007fff995ee000 	C:\Program Files\Java\jdk-17\bin\msvcp140.dll
0x00007fff98800000 - 0x00007fff993e1000 	C:\Program Files\Java\jdk-17\bin\server\jvm.dll
0x00007fffbd2e0000 - 0x00007fffbd2e8000 	C:\Windows\System32\PSAPI.DLL
0x00007fffa29a0000 - 0x00007fffa29a9000 	C:\Windows\SYSTEM32\WSOCK32.dll
0x00007fffbc480000 - 0x00007fffbc4eb000 	C:\Windows\System32\WS2_32.dll
0x00007fffa67f0000 - 0x00007fffa6817000 	C:\Windows\SYSTEM32\WINMM.dll
0x00007fffb9510000 - 0x00007fffb9522000 	C:\Windows\SYSTEM32\kernel.appcore.dll
0x00007fff98290000 - 0x00007fff9829a000 	C:\Program Files\Java\jdk-17\bin\jimage.dll
0x00007fffb8a60000 - 0x00007fffb8c44000 	C:\Windows\SYSTEM32\DBGHELP.DLL
0x00007fffb2db0000 - 0x00007fffb2de4000 	C:\Windows\SYSTEM32\dbgcore.DLL
0x00007fffbb0f0000 - 0x00007fffbb172000 	C:\Windows\System32\bcryptPrimitives.dll
0x00007fff98260000 - 0x00007fff98285000 	C:\Program Files\Java\jdk-17\bin\java.dll
0x00007fff98110000 - 0x00007fff981e7000 	C:\Program Files\Java\jdk-17\bin\jsvml.dll
0x00007fffbc4f0000 - 0x00007fffbcc5d000 	C:\Windows\System32\SHELL32.dll
0x00007fffb8d50000 - 0x00007fffb94f4000 	C:\Windows\SYSTEM32\windows.storage.dll
0x00007fffbbea0000 - 0x00007fffbc1f5000 	C:\Windows\System32\combase.dll
0x00007fffba650000 - 0x00007fffba67b000 	C:\Windows\SYSTEM32\Wldp.dll
0x00007fffbcfa0000 - 0x00007fffbd06d000 	C:\Windows\System32\OLEAUT32.dll
0x00007fffbd560000 - 0x00007fffbd60d000 	C:\Windows\System32\SHCORE.dll
0x00007fffbceb0000 - 0x00007fffbcf05000 	C:\Windows\System32\shlwapi.dll
0x00007fffbac20000 - 0x00007fffbac45000 	C:\Windows\SYSTEM32\profapi.dll
0x00007fff97210000 - 0x00007fff97229000 	C:\Program Files\Java\jdk-17\bin\net.dll
0x00007fffb1620000 - 0x00007fffb172a000 	C:\Windows\SYSTEM32\WINHTTP.dll
0x00007fffba3b0000 - 0x00007fffba41c000 	C:\Windows\system32\mswsock.dll
0x00007fff971f0000 - 0x00007fff97206000 	C:\Program Files\Java\jdk-17\bin\nio.dll
0x00007fff971d0000 - 0x00007fff971e8000 	C:\Program Files\Java\jdk-17\bin\zip.dll
0x00007fffba0d0000 - 0x00007fffba19a000 	C:\Windows\SYSTEM32\DNSAPI.dll
0x00007fffba090000 - 0x00007fffba0cb000 	C:\Windows\SYSTEM32\IPHLPAPI.DLL
0x00007fffbd2f0000 - 0x00007fffbd2f8000 	C:\Windows\System32\NSI.dll
0x00007fffa90e0000 - 0x00007fffa90ea000 	C:\Windows\System32\rasadhlp.dll
0x00007fffa9590000 - 0x00007fffa9610000 	C:\Windows\System32\fwpuclnt.dll
0x00007fffba5b0000 - 0x00007fffba5c8000 	C:\Windows\SYSTEM32\CRYPTSP.dll
0x00007fffb9cd0000 - 0x00007fffb9d08000 	C:\Windows\system32\rsaenh.dll
0x00007fffbaba0000 - 0x00007fffbabce000 	C:\Windows\SYSTEM32\USERENV.dll
0x00007fffba5a0000 - 0x00007fffba5ac000 	C:\Windows\SYSTEM32\CRYPTBASE.dll
0x00007fffb2440000 - 0x00007fffb2457000 	C:\Windows\SYSTEM32\dhcpcsvc6.DLL
0x00007fffb37e0000 - 0x00007fffb37fd000 	C:\Windows\SYSTEM32\dhcpcsvc.DLL
0x00007fff95ee0000 - 0x00007fff95eee000 	C:\Program Files\Java\jdk-17\bin\sunmscapi.dll
0x00007fffbb280000 - 0x00007fffbb3dc000 	C:\Windows\System32\CRYPT32.dll
0x00007fffba6c0000 - 0x00007fffba6e7000 	C:\Windows\SYSTEM32\ncrypt.dll
0x00007fffba680000 - 0x00007fffba6bb000 	C:\Windows\SYSTEM32\NTASN1.dll
0x00007fff95ef0000 - 0x00007fff95f00000 	C:\Program Files\Java\jdk-17\bin\verify.dll

dbghelp: loaded successfully - version: 4.0.5 - missing functions: none
symbol engine: initialized successfully - sym options: 0x614 - pdb path: .;C:\Program Files\Java\jdk-17\bin;C:\Windows\SYSTEM32;C:\Windows\WinSxS\amd64_microsoft.windows.common-controls_6595b64144ccf1df_6.0.19041.4355_none_60b8b9eb71f62e16;C:\Program Files\Java\jdk-17\bin\server

VM Arguments:
jvm_args: -ea -Dfile.encoding=UTF-8 -Dstdout.encoding=UTF-8 -Dstderr.encoding=UTF-8 -XX:+ShowCodeDetailsInExceptionMessages 
java_command: org.testng.remote.RemoteTestNG -serport 54409 -protocol json -d C:\Users\ADMIN\eclipse-workspace\Linked_IN\test-output C:\Users\ADMIN\AppData\Local\Temp\testng-eclipse--1719306706\testng-customsuite.xml
java_class_path (initial): C:\Users\ADMIN\eclipse\java-2023-12\eclipse\configuration\org.eclipse.osgi\1955\0\.cp\lib\testng-remote.jar;C:\Users\ADMIN\eclipse-workspace\Linked_IN\target\test-classes;C:\Users\ADMIN\eclipse-workspace\Linked_IN\target\classes;C:\Users\ADMIN\.p2\pool\plugins\org.testng_7.11.0.r202503091654.jar;C:\Users\ADMIN\.p2\pool\plugins\com.beust.jcommander_1.83.0.jar;C:\Users\ADMIN\.p2\pool\plugins\slf4j.api_2.0.17.jar;C:\Users\ADMIN\.p2\pool\plugins\org.yaml.snakeyaml_2.2.0.jar;C:\Users\ADMIN\.p2\pool\plugins\org.webjars.jquery_3.7.1.jar;C:\Users\ADMIN\.m2\repository\org\seleniumhq\selenium\selenium-server\3.141.59\selenium-server-3.141.59.jar;C:\Users\ADMIN\.m2\repository\org\seleniumhq\selenium\selenium-java\3.141.59\selenium-java-3.141.59.jar;C:\Users\ADMIN\.m2\repository\org\seleniumhq\selenium\selenium-api\3.141.59\selenium-api-3.141.59.jar;C:\Users\ADMIN\.m2\repository\org\seleniumhq\selenium\selenium-chrome-driver\3.141.59\selenium-chrome-driver-3.141.59.jar;C:\Users\ADMIN\.m2\repository\org\seleniumhq\selenium\selenium-edge-driver\3.141.59\selenium-edge-driver-3.141.59.jar;C:\Users\ADMIN\.m2\repository\org\seleniumhq\selenium\selenium-firefox-driver\3.141.59\selenium-firefox-driver-3.141.59.jar;C:\Users\ADMIN\.m2\repository\org\seleniumhq\selenium\selenium-ie-driver\3.141.59\selenium-ie-driver-3.141.59.jar;C:\Users\ADMIN\.m2\repository\org\seleniumhq\selenium\selenium-opera-driver\3.141.59\selenium-opera-driver-3.141.59.jar;C:\Users\ADMIN\.m2\repository\org\seleniumhq\selenium\selenium-remote-driver\3.141.59\selenium-remote-driver-3.141.59.jar;C:\Users\ADMIN\.m2\repository\org\seleniumhq\selenium\selenium-safari-driver\3.141.59\selenium-safari-driver-3.141.59.jar;C:\Users\ADMIN\.m2\repository\org\seleniumhq\selenium\selenium-support\3.141.59\selenium-support-3.141.59.jar;C:\Users\ADMIN\.m2\repository\com\beust\jcommander\1.72\jcommander-1.72.jar;C:\Users\ADMIN\.m2\repository\net\bytebuddy\byte-buddy\1.8.15\byte-buddy-1.8.15.jar;C:\Users\
Launcher Type: SUN_STANDARD

[Global flags]
     intx CICompilerCount                          = 3                                         {product} {ergonomic}
     uint ConcGCThreads                            = 1                                         {product} {ergonomic}
     uint G1ConcRefinementThreads                  = 4                                         {product} {ergonomic}
   size_t G1HeapRegionSize                         = 1048576                                   {product} {ergonomic}
    uintx GCDrainStackTargetSize                   = 64                                        {product} {ergonomic}
   size_t InitialHeapSize                          = 132120576                                 {product} {ergonomic}
   size_t MarkStackSize                            = 4194304                                   {product} {ergonomic}
   size_t MaxHeapSize                              = 2113929216                                {product} {ergonomic}
   size_t MaxNewSize                               = 1267728384                                {product} {ergonomic}
   size_t MinHeapDeltaBytes                        = 1048576                                   {product} {ergonomic}
   size_t MinHeapSize                              = 8388608                                   {product} {ergonomic}
    uintx NonNMethodCodeHeapSize                   = 5832780                                {pd product} {ergonomic}
    uintx NonProfiledCodeHeapSize                  = 122912730                              {pd product} {ergonomic}
    uintx ProfiledCodeHeapSize                     = 122912730                              {pd product} {ergonomic}
    uintx ReservedCodeCacheSize                    = 251658240                              {pd product} {ergonomic}
     bool SegmentedCodeCache                       = true                                      {product} {ergonomic}
     bool ShowCodeDetailsInExceptionMessages       = true                                   {manageable} {command line}
   size_t SoftMaxHeapSize                          = 2113929216                             {manageable} {ergonomic}
     bool UseCompressedClassPointers               = true                           {product lp64_product} {ergonomic}
     bool UseCompressedOops                        = true                           {product lp64_product} {ergonomic}
     bool UseG1GC                                  = true                                      {product} {ergonomic}
     bool UseLargePagesIndividualAllocation        = false                                  {pd product} {ergonomic}

Logging:
Log output configuration:
 #0: stdout all=warning uptime,level,tags
 #1: stderr all=off uptime,level,tags

Environment Variables:
JAVA_HOME=C:\Program Files\Java\jdk-17
PATH=C:/Users/ADMIN/.p2/pool/plugins/org.eclipse.justj.openjdk.hotspot.jre.full.win32.x86_64_23.0.2.v20250131-0604/jre/bin/server;C:/Users/ADMIN/.p2/pool/plugins/org.eclipse.justj.openjdk.hotspot.jre.full.win32.x86_64_23.0.2.v20250131-0604/jre/bin;C:\Program Files\Common Files\Oracle\Java\javapath;C:\Program Files\Java\jdk-17\bin;C:\Program Files\apache-maven-3.9.9\bin;C:\Program Files\Git\bin;C:\Program Files\MySQL\MySQL Shell 8.0\bin\;C:\Users\ADMIN\AppData\Local\Microsoft\WindowsApps;C:\Program Files (x86)\HP\Common\HPDestPlgIn\;C:\Windows\system32;
USERNAME=ADMIN
OS=Windows_NT
PROCESSOR_IDENTIFIER=Intel64 Family 6 Model 142 Stepping 9, GenuineIntel



---------------  S Y S T E M  ---------------

OS:
 Windows 10 , 64 bit Build 19041 (10.0.19041.5438)
OS uptime: 12 days 0:14 hours

CPU: total 4 (initial active 4) (2 cores per cpu, 2 threads per core) family 6 model 142 stepping 9 microcode 0xf4, cx8, cmov, fxsr, ht, mmx, 3dnowpref, sse, sse2, sse3, ssse3, sse4.1, sse4.2, popcnt, lzcnt, tsc, tscinvbit, avx, avx2, aes, erms, clmul, bmi1, bmi2, adx, fma, vzeroupper, clflush, clflushopt

Memory: 4k page, system-wide physical 8060M (271M free)
TotalPageFile size 32636M (AvailPageFile size 0M)
current process WorkingSet (physical memory assigned to process): 94M, peak: 135M
current process commit charge ("private bytes"): 168M, peak: 247M

vm_info: Java HotSpot(TM) 64-Bit Server VM (17.0.13+10-LTS-268) for windows-amd64 JRE (17.0.13+10-LTS-268), built on Sep 30 2024 06:33:13 by "mach5one" with MS VC++ 17.6 (VS2022)

END.
