#
# There is insufficient memory for the Java Runtime Environment to continue.
# Native memory allocation (mmap) failed to map 132120576 bytes for G1 virtual space
# Possible reasons:
#   The system is out of physical RAM or swap space
#   The process is running with CompressedOops enabled, and the Java Heap may be blocking the growth of the native heap
# Possible solutions:
#   Reduce memory load on the system
#   Increase physical memory or swap space
#   Check if swap backing store is full
#   Decrease Java heap size (-Xmx/-Xms)
#   Decrease number of Java threads
#   Decrease Java thread stack sizes (-Xss)
#   Set larger code cache with -XX:ReservedCodeCacheSize=
#   JVM is running with Unscaled Compressed Oops mode in which the Java heap is
#     placed in the first 4GB address space. The Java Heap base address is the
#     maximum limit for the native heap growth. Please use -XX:HeapBaseMinAddress
#     to set the Java Heap base and to place the Java Heap above 4GB virtual address.
# This output file may be truncated or incomplete.
#
#  Out of Memory Error (os_windows.cpp:3548), pid=29548, tid=39932
#
# JRE version:  (17.0.13+10) (build )
# Java VM: Java HotSpot(TM) 64-Bit Server VM (17.0.13+10-LTS-268, mixed mode, sharing, tiered, compressed oops, compressed class ptrs, g1 gc, windows-amd64)
# No core dump will be written. Minidumps are not enabled by default on client versions of Windows
#

---------------  S U M M A R Y ------------

Command Line: -ea -Dfile.encoding=UTF-8 -Dstdout.encoding=UTF-8 -Dstderr.encoding=UTF-8 -XX:+ShowCodeDetailsInExceptionMessages org.testng.remote.RemoteTestNG -serport 52106 -protocol json -d C:\Users\ADMIN\eclipse-workspace\Linked_IN\test-output C:\Users\ADMIN\AppData\Local\Temp\testng-eclipse--599501872\testng-customsuite.xml

Host: Intel(R) Core(TM) i3-7020U CPU @ 2.30GHz, 4 cores, 7G,  Windows 10 , 64 bit Build 19041 (10.0.19041.5438)
Time: Tue Apr 15 22:58:24 2025 India Standard Time elapsed time: 0.021911 seconds (0d 0h 0m 0s)

---------------  T H R E A D  ---------------

Current thread (0x00000215ff5c92c0):  JavaThread "Unknown thread" [_thread_in_vm, id=39932, stack(0x000000bb0ca00000,0x000000bb0cb00000)]

Stack: [0x000000bb0ca00000,0x000000bb0cb00000]
Native frames: (J=compiled Java code, j=interpreted, Vv=VM code, C=native code)
V  [jvm.dll+0x67a23a]
V  [jvm.dll+0x7da96d]
V  [jvm.dll+0x7dc2b3]
V  [jvm.dll+0x7dc923]
V  [jvm.dll+0x2450ef]
V  [jvm.dll+0x677279]
V  [jvm.dll+0x66bf22]
V  [jvm.dll+0x302006]
V  [jvm.dll+0x3095a6]
V  [jvm.dll+0x359e9e]
V  [jvm.dll+0x35a0cf]
V  [jvm.dll+0x2d90d8]
V  [jvm.dll+0x2da044]
V  [jvm.dll+0x7ace81]
V  [jvm.dll+0x367701]
V  [jvm.dll+0x78bcc9]
V  [jvm.dll+0x3ec9bf]
V  [jvm.dll+0x3ee5f1]
C  [jli.dll+0x5297]
C  [ucrtbase.dll+0x21bb2]
C  [KERNEL32.DLL+0x17374]
C  [ntdll.dll+0x4cc91]


---------------  P R O C E S S  ---------------

Threads class SMR info:
_java_thread_list=0x00007fff992b8a18, length=0, elements={
}

Java Threads: ( => current thread )

Other Threads:
  0x00000215ff6218c0 GCTaskThread "GC Thread#0" [stack: 0x000000bb0cb00000,0x000000bb0cc00000] [id=36380]
  0x00000215ff633ad0 ConcurrentGCThread "G1 Main Marker" [stack: 0x000000bb0cc00000,0x000000bb0cd00000] [id=34436]
  0x00000215ff635400 ConcurrentGCThread "G1 Conc#0" [stack: 0x000000bb0cd00000,0x000000bb0ce00000] [id=4432]

[error occurred during error reporting (printing all threads), id 0xc0000005, EXCEPTION_ACCESS_VIOLATION (0xc0000005) at pc=0x00007fff98ae9bc7]

VM state: not at safepoint (not fully initialized)

VM Mutex/Monitor currently owned by a thread:  ([mutex/lock_event])
[0x00000215ff5c3a50] Heap_lock - owner thread: 0x00000215ff5c92c0

Heap address: 0x0000000082000000, size: 2016 MB, Compressed Oops mode: 32-bit

CDS archive(s) mapped at: [0x0000000000000000-0x0000000000000000-0x0000000000000000), size 0, SharedBaseAddress: 0x0000000800000000, ArchiveRelocationMode: 1.
Narrow klass base: 0x0000000000000000, Narrow klass shift: 0, Narrow klass range: 0x0

GC Precious Log:
<Empty>

Heap:
 garbage-first heap   total 0K, used 0K [0x0000000082000000, 0x0000000100000000)
  region size 1024K, 0 young (0K), 0 survivors (0K)

[error occurred during error reporting (printing heap information), id 0xc0000005, EXCEPTION_ACCESS_VIOLATION (0xc0000005) at pc=0x00007fff98ed3a29]

GC Heap History (0 events):
No events

Deoptimization events (0 events):
No events

Classes unloaded (0 events):
No events

Classes redefined (0 events):
No events

Internal exceptions (0 events):
No events

VM Operations (0 events):
No events

Events (1 events):
Event: 0.013 Loaded shared library C:\Program Files\Java\jdk-17\bin\java.dll


Dynamic libraries:
0x00007ff7da4a0000 - 0x00007ff7da4b0000 	C:\Program Files\Java\jdk-17\bin\javaw.exe
0x00007fffbd650000 - 0x00007fffbd848000 	C:\Windows\SYSTEM32\ntdll.dll
0x00007fffbcc60000 - 0x00007fffbcd22000 	C:\Windows\System32\KERNEL32.DLL
0x00007fffbad40000 - 0x00007fffbb03f000 	C:\Windows\System32\KERNELBASE.dll
0x00007fffb7be0000 - 0x00007fffb7c74000 	C:\Windows\SYSTEM32\apphelp.dll
0x00007fffbb180000 - 0x00007fffbb280000 	C:\Windows\System32\ucrtbase.dll
0x00007fff996e0000 - 0x00007fff996f9000 	C:\Program Files\Java\jdk-17\bin\jli.dll
0x00007fffbd080000 - 0x00007fffbd12f000 	C:\Windows\System32\ADVAPI32.dll
0x00007fffbd320000 - 0x00007fffbd3be000 	C:\Windows\System32\msvcrt.dll
0x00007fffbce10000 - 0x00007fffbceaf000 	C:\Windows\System32\sechost.dll
0x00007fffbbd70000 - 0x00007fffbbe93000 	C:\Windows\System32\RPCRT4.dll
0x00007fffbb3e0000 - 0x00007fffbb407000 	C:\Windows\System32\bcrypt.dll
0x00007fffbd3c0000 - 0x00007fffbd55d000 	C:\Windows\System32\USER32.dll
0x00007fffbb410000 - 0x00007fffbb432000 	C:\Windows\System32\win32u.dll
0x00007fffbcf10000 - 0x00007fffbcf3b000 	C:\Windows\System32\GDI32.dll
0x00007fffbb550000 - 0x00007fffbb66a000 	C:\Windows\System32\gdi32full.dll
0x00007fffbb440000 - 0x00007fffbb4dd000 	C:\Windows\System32\msvcp_win.dll
0x00007fffa9140000 - 0x00007fffa93da000 	C:\Windows\WinSxS\amd64_microsoft.windows.common-controls_6595b64144ccf1df_6.0.19041.4355_none_60b8b9eb71f62e16\COMCTL32.dll
0x00007fffb4ec0000 - 0x00007fffb4eca000 	C:\Windows\SYSTEM32\VERSION.dll
0x00007fff996c0000 - 0x00007fff996db000 	C:\Program Files\Java\jdk-17\bin\VCRUNTIME140.dll
0x00007fffbc200000 - 0x00007fffbc22f000 	C:\Windows\System32\IMM32.DLL
0x00007fff99a30000 - 0x00007fff99a3c000 	C:\Program Files\Java\jdk-17\bin\vcruntime140_1.dll
0x00007fff99560000 - 0x00007fff995ee000 	C:\Program Files\Java\jdk-17\bin\msvcp140.dll
0x00007fff98800000 - 0x00007fff993e1000 	C:\Program Files\Java\jdk-17\bin\server\jvm.dll
0x00007fffbd2e0000 - 0x00007fffbd2e8000 	C:\Windows\System32\PSAPI.DLL
0x00007fffa29a0000 - 0x00007fffa29a9000 	C:\Windows\SYSTEM32\WSOCK32.dll
0x00007fffbc480000 - 0x00007fffbc4eb000 	C:\Windows\System32\WS2_32.dll
0x00007fffa67f0000 - 0x00007fffa6817000 	C:\Windows\SYSTEM32\WINMM.dll
0x00007fffb9510000 - 0x00007fffb9522000 	C:\Windows\SYSTEM32\kernel.appcore.dll
0x00007fff98290000 - 0x00007fff9829a000 	C:\Program Files\Java\jdk-17\bin\jimage.dll
0x00007fffb8a60000 - 0x00007fffb8c44000 	C:\Windows\SYSTEM32\DBGHELP.DLL
0x00007fffb2db0000 - 0x00007fffb2de4000 	C:\Windows\SYSTEM32\dbgcore.DLL
0x00007fffbb0f0000 - 0x00007fffbb172000 	C:\Windows\System32\bcryptPrimitives.dll
0x00007fff98260000 - 0x00007fff98285000 	C:\Program Files\Java\jdk-17\bin\java.dll

dbghelp: loaded successfully - version: 4.0.5 - missing functions: none
symbol engine: initialized successfully - sym options: 0x614 - pdb path: .;C:\Program Files\Java\jdk-17\bin;C:\Windows\SYSTEM32;C:\Windows\WinSxS\amd64_microsoft.windows.common-controls_6595b64144ccf1df_6.0.19041.4355_none_60b8b9eb71f62e16;C:\Program Files\Java\jdk-17\bin\server

VM Arguments:
jvm_args: -ea -Dfile.encoding=UTF-8 -Dstdout.encoding=UTF-8 -Dstderr.encoding=UTF-8 -XX:+ShowCodeDetailsInExceptionMessages 
java_command: org.testng.remote.RemoteTestNG -serport 52106 -protocol json -d C:\Users\ADMIN\eclipse-workspace\Linked_IN\test-output C:\Users\ADMIN\AppData\Local\Temp\testng-eclipse--599501872\testng-customsuite.xml
java_class_path (initial): C:\Users\ADMIN\eclipse\java-2023-12\eclipse\configuration\org.eclipse.osgi\1955\0\.cp\lib\testng-remote.jar;C:\Users\ADMIN\eclipse-workspace\Linked_IN\target\test-classes;C:\Users\ADMIN\eclipse-workspace\Linked_IN\target\classes;C:\Users\ADMIN\.p2\pool\plugins\org.testng_7.11.0.r202503091654.jar;C:\Users\ADMIN\.p2\pool\plugins\com.beust.jcommander_1.83.0.jar;C:\Users\ADMIN\.p2\pool\plugins\slf4j.api_2.0.17.jar;C:\Users\ADMIN\.p2\pool\plugins\org.yaml.snakeyaml_2.2.0.jar;C:\Users\ADMIN\.p2\pool\plugins\org.webjars.jquery_3.7.1.jar;C:\Users\ADMIN\.m2\repository\org\seleniumhq\selenium\selenium-server\3.141.59\selenium-server-3.141.59.jar;C:\Users\ADMIN\.m2\repository\org\seleniumhq\selenium\selenium-java\3.141.59\selenium-java-3.141.59.jar;C:\Users\ADMIN\.m2\repository\org\seleniumhq\selenium\selenium-api\3.141.59\selenium-api-3.141.59.jar;C:\Users\ADMIN\.m2\repository\org\seleniumhq\selenium\selenium-chrome-driver\3.141.59\selenium-chrome-driver-3.141.59.jar;C:\Users\ADMIN\.m2\repository\org\seleniumhq\selenium\selenium-edge-driver\3.141.59\selenium-edge-driver-3.141.59.jar;C:\Users\ADMIN\.m2\repository\org\seleniumhq\selenium\selenium-firefox-driver\3.141.59\selenium-firefox-driver-3.141.59.jar;C:\Users\ADMIN\.m2\repository\org\seleniumhq\selenium\selenium-ie-driver\3.141.59\selenium-ie-driver-3.141.59.jar;C:\Users\ADMIN\.m2\repository\org\seleniumhq\selenium\selenium-opera-driver\3.141.59\selenium-opera-driver-3.141.59.jar;C:\Users\ADMIN\.m2\repository\org\seleniumhq\selenium\selenium-remote-driver\3.141.59\selenium-remote-driver-3.141.59.jar;C:\Users\ADMIN\.m2\repository\org\seleniumhq\selenium\selenium-safari-driver\3.141.59\selenium-safari-driver-3.141.59.jar;C:\Users\ADMIN\.m2\repository\org\seleniumhq\selenium\selenium-support\3.141.59\selenium-support-3.141.59.jar;C:\Users\ADMIN\.m2\repository\com\beust\jcommander\1.72\jcommander-1.72.jar;C:\Users\ADMIN\.m2\repository\net\bytebuddy\byte-buddy\1.8.15\byte-buddy-1.8.15.jar;C:\Users\
Launcher Type: SUN_STANDARD

[Global flags]
     intx CICompilerCount                          = 3                                         {product} {ergonomic}
     uint ConcGCThreads                            = 1                                         {product} {ergonomic}
     uint G1ConcRefinementThreads                  = 4                                         {product} {ergonomic}
   size_t G1HeapRegionSize                         = 1048576                                   {product} {ergonomic}
    uintx GCDrainStackTargetSize                   = 64                                        {product} {ergonomic}
   size_t InitialHeapSize                          = 132120576                                 {product} {ergonomic}
   size_t MarkStackSize                            = 4194304                                   {product} {ergonomic}
   size_t MaxHeapSize                              = 2113929216                                {product} {ergonomic}
   size_t MinHeapDeltaBytes                        = 1048576                                   {product} {ergonomic}
   size_t MinHeapSize                              = 8388608                                   {product} {ergonomic}
    uintx NonNMethodCodeHeapSize                   = 5832780                                {pd product} {ergonomic}
    uintx NonProfiledCodeHeapSize                  = 122912730                              {pd product} {ergonomic}
    uintx ProfiledCodeHeapSize                     = 122912730                              {pd product} {ergonomic}
    uintx ReservedCodeCacheSize                    = 251658240                              {pd product} {ergonomic}
     bool SegmentedCodeCache                       = true                                      {product} {ergonomic}
     bool ShowCodeDetailsInExceptionMessages       = true                                   {manageable} {command line}
   size_t SoftMaxHeapSize                          = 2113929216                             {manageable} {ergonomic}
     bool UseCompressedClassPointers               = true                           {product lp64_product} {ergonomic}
     bool UseCompressedOops                        = true                           {product lp64_product} {ergonomic}
     bool UseG1GC                                  = true                                      {product} {ergonomic}
     bool UseLargePagesIndividualAllocation        = false                                  {pd product} {ergonomic}

Logging:
Log output configuration:
 #0: stdout all=warning uptime,level,tags
 #1: stderr all=off uptime,level,tags

Environment Variables:
JAVA_HOME=C:\Program Files\Java\jdk-17
PATH=C:/Users/ADMIN/.p2/pool/plugins/org.eclipse.justj.openjdk.hotspot.jre.full.win32.x86_64_23.0.2.v20250131-0604/jre/bin/server;C:/Users/ADMIN/.p2/pool/plugins/org.eclipse.justj.openjdk.hotspot.jre.full.win32.x86_64_23.0.2.v20250131-0604/jre/bin;C:\Program Files\Common Files\Oracle\Java\javapath;C:\Program Files\Java\jdk-17\bin;C:\Program Files\apache-maven-3.9.9\bin;C:\Program Files\Git\bin;C:\Program Files\MySQL\MySQL Shell 8.0\bin\;C:\Users\ADMIN\AppData\Local\Microsoft\WindowsApps;C:\Program Files (x86)\HP\Common\HPDestPlgIn\;C:\Windows\system32;
USERNAME=ADMIN
OS=Windows_NT
PROCESSOR_IDENTIFIER=Intel64 Family 6 Model 142 Stepping 9, GenuineIntel



---------------  S Y S T E M  ---------------

OS:
 Windows 10 , 64 bit Build 19041 (10.0.19041.5438)
OS uptime: 12 days 0:16 hours

CPU: total 4 (initial active 4) (2 cores per cpu, 2 threads per core) family 6 model 142 stepping 9 microcode 0xf4, cx8, cmov, fxsr, ht, mmx, 3dnowpref, sse, sse2, sse3, ssse3, sse4.1, sse4.2, popcnt, lzcnt, tsc, tscinvbit, avx, avx2, aes, erms, clmul, bmi1, bmi2, adx, fma, vzeroupper, clflush, clflushopt

Memory: 4k page, system-wide physical 8060M (303M free)
TotalPageFile size 32636M (AvailPageFile size 20M)
current process WorkingSet (physical memory assigned to process): 11M, peak: 11M
current process commit charge ("private bytes"): 51M, peak: 177M

vm_info: Java HotSpot(TM) 64-Bit Server VM (17.0.13+10-LTS-268) for windows-amd64 JRE (17.0.13+10-LTS-268), built on Sep 30 2024 06:33:13 by "mach5one" with MS VC++ 17.6 (VS2022)

END.
